Tue Nov 12 2019 09:45:30 GMT-0500 (Colombia Standard Time): GET /about
Tue Nov 12 2019 09:45:32 GMT-0500 (Colombia Standard Time): GET /
Tue Nov 12 2019 09:45:33 GMT-0500 (Colombia Standard Time): GET /
Tue Nov 12 2019 09:45:33 GMT-0500 (Colombia Standard Time): GET /
Tue Nov 12 2019 09:45:47 GMT-0500 (Colombia Standard Time): GET /about
Tue Nov 12 2019 10:00:01 GMT-0500 (Colombia Standard Time): GET /about
Tue Nov 12 2019 10:00:02 GMT-0500 (Colombia Standard Time): GET /about
Tue Nov 12 2019 10:00:09 GMT-0500 (Colombia Standard Time): GET /about
Tue Nov 12 2019 10:00:09 GMT-0500 (Colombia Standard Time): GET /
Tue Nov 12 2019 10:00:09 GMT-0500 (Colombia Standard Time): GET /about
Tue Nov 12 2019 10:00:10 GMT-0500 (Colombia Standard Time): GET /
Tue Nov 12 2019 10:00:10 GMT-0500 (Colombia Standard Time): GET /about
Tue Nov 12 2019 10:00:11 GMT-0500 (Colombia Standard Time): GET /
Tue Nov 12 2019 10:00:12 GMT-0500 (Colombia Standard Time): GET /
Tue Nov 12 2019 10:00:12 GMT-0500 (Colombia Standard Time): GET /
Tue Nov 12 2019 10:00:12 GMT-0500 (Colombia Standard Time): GET /
Tue Nov 12 2019 10:00:14 GMT-0500 (Colombia Standard Time): GET /about
Tue Nov 12 2019 10:00:14 GMT-0500 (Colombia Standard Time): GET /about
Tue Nov 12 2019 10:00:14 GMT-0500 (Colombia Standard Time): GET /about
Tue Nov 12 2019 10:00:14 GMT-0500 (Colombia Standard Time): GET /about
Tue Nov 12 2019 10:00:16 GMT-0500 (Colombia Standard Time): GET /about
Tue Nov 12 2019 10:00:16 GMT-0500 (Colombia Standard Time): GET /about
Tue Nov 12 2019 10:00:16 GMT-0500 (Colombia Standard Time): GET /about
Tue Nov 12 2019 10:01:00 GMT-0500 (Colombia Standard Time): GET /about
Tue Nov 12 2019 10:01:00 GMT-0500 (Colombia Standard Time): GET /
Tue Nov 12 2019 10:01:01 GMT-0500 (Colombia Standard Time): GET /about
Tue Nov 12 2019 10:01:03 GMT-0500 (Colombia Standard Time): GET /about
Tue Nov 12 2019 10:01:04 GMT-0500 (Colombia Standard Time): GET /
Tue Nov 12 2019 10:01:05 GMT-0500 (Colombia Standard Time): GET /
Tue Nov 12 2019 11:49:58 GMT-0500 (Colombia Standard Time): GET /about
Tue Nov 12 2019 11:51:01 GMT-0500 (Colombia Standard Time): GET /
Tue Nov 12 2019 14:07:56 GMT-0500 (Colombia Standard Time): GET /
Thu Nov 14 2019 16:19:04 GMT-0500 (Colombia Standard Time): GET /
Thu Nov 14 2019 16:19:06 GMT-0500 (Colombia Standard Time): GET /favicon.ico
Thu Nov 14 2019 16:19:15 GMT-0500 (Colombia Standard Time): GET /about
Thu Nov 14 2019 16:19:18 GMT-0500 (Colombia Standard Time): GET /favicon.ico
Thu Nov 14 2019 16:19:30 GMT-0500 (Colombia Standard Time): GET /about
Thu Nov 14 2019 16:19:30 GMT-0500 (Colombia Standard Time): GET /favicon.ico
Thu Nov 14 2019 16:19:48 GMT-0500 (Colombia Standard Time): GET /
Thu Nov 14 2019 16:19:49 GMT-0500 (Colombia Standard Time): GET /favicon.ico
Thu Nov 14 2019 16:20:02 GMT-0500 (Colombia Standard Time): GET /home
Thu Nov 14 2019 16:20:02 GMT-0500 (Colombia Standard Time): GET /favicon.ico
